<?xml version="1.0" encoding="UTF-8"?>
<testng-results skipped="0" failed="0" total="1" passed="1">
  <reporter-output>
  </reporter-output>
  <suite name="Learning" duration-ms="12036" started-at="2019-03-26T11:23:25Z" finished-at="2019-03-26T11:23:37Z">
    <groups>
    </groups>
    <test name="Learning Framework" duration-ms="12036" started-at="2019-03-26T11:23:25Z" finished-at="2019-03-26T11:23:37Z">
      <class name="testmethods.MessageValues">
        <test-method status="PASS" signature="beforeClassInBase(java.lang.String)[pri:0, instance:testmethods.MessageValues@d7b1517]" name="beforeClassInBase" is-config="true" duration-ms="4645" started-at="2019-03-26T16:53:20Z" finished-at="2019-03-26T16:53:25Z">
          <params>
            <param index="0">
              <value>
                <![CDATA[web]]>
              </value>
            </param>
          </params>
          <reporter-output>
          </reporter-output>
        </test-method> <!-- beforeClassInBase -->
        <test-method status="PASS" signature="customer_regis(java.lang.String, java.lang.String, java.lang.String, java.lang.String, java.lang.String)[pri:0, instance:testmethods.MessageValues@d7b1517]" name="customer_regis" duration-ms="11859" started-at="2019-03-26T16:53:25Z" data-provider="Cust_Reg" finished-at="2019-03-26T16:53:37Z">
          <params>
            <param index="0">
              <value>
                <![CDATA[Paul]]>
              </value>
            </param>
            <param index="1">
              <value>
                <![CDATA[Anto]]>
              </value>
            </param>
            <param index="2">
              <value>
                <![CDATA[paulantonew@gmail.com]]>
              </value>
            </param>
            <param index="3">
              <value>
                <![CDATA[Test@123]]>
              </value>
            </param>
            <param index="4">
              <value>
                <![CDATA[Test@123]]>
              </value>
            </param>
          </params>
          <reporter-output>
          </reporter-output>
        </test-method> <!-- customer_regis -->
        <test-method status="PASS" signature="tearDown()[pri:0, instance:testmethods.MessageValues@d7b1517]" name="tearDown" is-config="true" duration-ms="0" started-at="2019-03-26T16:53:37Z" finished-at="2019-03-26T16:53:37Z">
          <reporter-output>
          </reporter-output>
        </test-method> <!-- tearDown -->
      </class> <!-- testmethods.MessageValues -->
    </test> <!-- Learning Framework -->
  </suite> <!-- Learning -->
</testng-results>
